Arguments: 
  D:\Software\nodejs\node.exe D:\Software\yarn\bin\yarn.js add vite

PATH: 
  D:\Software\cmder\vendor\git-for-windows\mingw64\bin;D:\Software\cmder\vendor\git-for-windows\usr\bin;D:\code_file\dataBase\bin;C:\Program Files (x86)\Common Files\Oracle\Java\javapath;D:\Download\environment\VM\bin;C:\WINDOWS\system32;C:\WINDOWS;C:\WINDOWS\System32\Wbem;C:\WINDOWS\System32\WindowsPowerShell\v1.0;C:\WINDOWS\System32\OpenSSH;C:\Program Files\MySQL\MySQL Server 8.0\bin;D:\Download\environment\Test\Java\jkd8u\bin;D:\Download\environment\Test\apache_tomcat\apache-tomcat-9.0.55\bin;D:\Download\environment\Test;D:\Download\pycharm\geckodriver\geckodriver-v0.30.0-win64;.;D:\Download\environment\Test\Android\android-sdk_r24.4.1-windows\android-sdk-windows\platform-tools;D:\Download\environment\Test\Android\android-sdk_r24.4.1-windows\android-sdk-windows\tools;.;D:\Download\environment\Test\Android\android-sdk_r24.4.1-windows\android-sdk-windows\platform-tools;C:\Program Files\python;C:\Program Files\python\Scripts;D:\Download\environment\Test\mms\baota\BtSoft\panel\script;D:\Download\environment\Test\Java\jkd8u\bi;D:\Download\environment\Test\Java\jkd8u\jre\bin";D:\Download\pycharm\chromedriver\chromedriver_win32;D:\Download\python;D:\Software\nodejs;D:\Software\yarn\bin;C:\Program Files\Docker\Docker\resources\bin;C:\ProgramData\DockerDesktop\version-bin;C:\Program Files\Docker\Docker\resources\bin;D:\softfiles\docker;D:\Download;D:\Download\python\Scripts;D:\Download\python;C:\Users\王宇原\AppData\Local\Microsoft\WindowsApps;D:\Download\pycharm\PyCharm Community Edition 2021.2\bin;D:\Download\films\ruxianai;D:\softfiles\vs\Microsoft VS Code\bin;C:\Users\王宇原\AppData\Roaming\npm;C:\Users\王宇原\AppData\Local\Yarn\bin

Yarn version: 
  1.22.5

Node version: 
  16.14.2

Platform: 
  win32 x64

Trace: 
  Error: EPERM: operation not permitted, unlink 'D:\code_file\Vue3\yuyuan-ui\node_modules\esbuild\esbuild.exe'

npm manifest: 
  {
    "name": "yuyuan-ui-one",
    "version": "0.0.1",
    "files": ["dist/lib/*"],
    "main": "dist/lib/yuyuan.umd.js",
    "module": "dist/lib/yuyuan.es.js",
    "scripts": {
      "dev": "vite",
      "build:website": "vite build",
      "build:lib": "vite build -c vite.lib.config.ts"
    },
    "resolutions": {
      "node-sass": "npm:sass@^1.26.11"
    },
    "devDependencies": {
      "@vitejs/plugin-vue": "3.0.3",
      "github-markdown-css": "4.0.0",
      "marked": "1.1.1",
      "prismjs": "1.21.0",
      "rollup-plugin-esbuild": "4.9.3",
      "rollup-plugin-scss": "3.0.0",
      "rollup-plugin-terser": "7.0.2",
      "vue": "3.2.37",
      "@vue/compiler-sfc": "3.0.0",
      "vue-router": "4",
      "rollup-plugin-vue": "6.0.0-beta.10",
      "sass": "^1.32.11",
      "vite": "3.0.9"
    },
    "exports": {
      ".": {
        "import": "./dist/lib/yuyuan.es.js",
        "require": "./dist/lib/yuyuan.umd.js"
      },
      "./dist/lib/style.css": "./dist/lib/style.css"
    }
  }

yarn manifest: 
  No manifest

Lockfile: 
  No lockfile
